{
"contracts/Voting.sol":{"l":{"42":48,"43":44,"51":2,"55":5,"62":12,"63":11,"65":10,"66":10,"73":28,"74":26,"77":25,"78":25,"79":25,"80":25,"86":9,"87":8,"88":7,"90":6,"91":6,"92":6,"94":6,"101":6,"102":5,"104":5,"105":5,"106":5,"108":5,"112":5,"113":4,"114":4,"118":4,"119":3,"120":3,"124":4,"125":3,"126":3,"131":4,"132":2,"133":2,"134":5,"135":1,"138":2,"140":2,"141":2},"path":"/Users/yules/Dev/Alyra/Developpeur-Ethereum-Template/4. Truffle & CI-CD/Defi_2_HH/contracts/Voting.sol","s":{"1":48,"2":2,"3":5,"4":12,"5":11,"6":10,"7":28,"8":26,"9":25,"10":25,"11":25,"12":9,"13":8,"14":7,"15":6,"16":6,"17":5,"18":5,"19":5,"20":5,"21":4,"22":4,"23":3,"24":4,"25":3,"26":4,"27":2,"28":2,"29":5,"30":2},"b":{"1":[44,4],"2":[2,1],"3":[5,1],"4":[12,1],"5":[11,1],"6":[10,1],"7":[28,1],"8":[26,2],"9":[25,1],"10":[9,1],"11":[8,1],"12":[7,1],"13":[6,1],"14":[6,1],"15":[5,1],"16":[5,1],"17":[4,1],"18":[4,1],"19":[3,1],"20":[4,1],"21":[3,1],"22":[4,1],"23":[2,2],"24":[1,4]},"f":{"1":48,"2":2,"3":5,"4":12,"5":28,"6":9,"7":6,"8":5,"9":4,"10":4,"11":4},"fnMap":{"1":{"name":"onlyVoters","line":41,"loc":{"start":{"line":41,"column":4},"end":{"line":44,"column":4}}},"2":{"name":"getVoter","line":50,"loc":{"start":{"line":50,"column":4},"end":{"line":52,"column":4}}},"3":{"name":"getOneProposal","line":54,"loc":{"start":{"line":54,"column":4},"end":{"line":56,"column":4}}},"4":{"name":"addVoter","line":61,"loc":{"start":{"line":61,"column":4},"end":{"line":67,"column":4}}},"5":{"name":"addProposal","line":72,"loc":{"start":{"line":72,"column":4},"end":{"line":81,"column":4}}},"6":{"name":"setVote","line":85,"loc":{"start":{"line":85,"column":4},"end":{"line":95,"column":4}}},"7":{"name":"startProposalsRegistering","line":100,"loc":{"start":{"line":100,"column":4},"end":{"line":109,"column":4}}},"8":{"name":"endProposalsRegistering","line":111,"loc":{"start":{"line":111,"column":4},"end":{"line":115,"column":4}}},"9":{"name":"startVotingSession","line":117,"loc":{"start":{"line":117,"column":4},"end":{"line":121,"column":4}}},"10":{"name":"endVotingSession","line":123,"loc":{"start":{"line":123,"column":4},"end":{"line":127,"column":4}}},"11":{"name":"tallyVotes","line":130,"loc":{"start":{"line":130,"column":3},"end":{"line":142,"column":4}}}},"statementMap":{"1":{"start":{"line":42,"column":8},"end":{"line":42,"column":69}},"2":{"start":{"line":51,"column":8},"end":{"line":51,"column":28}},"3":{"start":{"line":55,"column":8},"end":{"line":55,"column":34}},"4":{"start":{"line":62,"column":8},"end":{"line":62,"column":105}},"5":{"start":{"line":63,"column":8},"end":{"line":63,"column":72}},"6":{"start":{"line":66,"column":8},"end":{"line":66,"column":35}},"7":{"start":{"line":73,"column":8},"end":{"line":73,"column":110}},"8":{"start":{"line":74,"column":8},"end":{"line":74,"column":112}},"9":{"start":{"line":77,"column":8},"end":{"line":77,"column":32}},"10":{"start":{"line":79,"column":8},"end":{"line":79,"column":36}},"11":{"start":{"line":80,"column":8},"end":{"line":80,"column":56}},"12":{"start":{"line":86,"column":8},"end":{"line":86,"column":106}},"13":{"start":{"line":87,"column":8},"end":{"line":87,"column":77}},"14":{"start":{"line":88,"column":8},"end":{"line":88,"column":65}},"15":{"start":{"line":94,"column":8},"end":{"line":94,"column":35}},"16":{"start":{"line":101,"column":8},"end":{"line":101,"column":111}},"17":{"start":{"line":104,"column":8},"end":{"line":104,"column":32}},"18":{"start":{"line":106,"column":8},"end":{"line":106,"column":36}},"19":{"start":{"line":108,"column":8},"end":{"line":108,"column":112}},"20":{"start":{"line":112,"column":8},"end":{"line":112,"column":121}},"21":{"start":{"line":114,"column":8},"end":{"line":114,"column":121}},"22":{"start":{"line":118,"column":8},"end":{"line":118,"column":122}},"23":{"start":{"line":120,"column":8},"end":{"line":120,"column":113}},"24":{"start":{"line":124,"column":8},"end":{"line":124,"column":106}},"25":{"start":{"line":126,"column":8},"end":{"line":126,"column":105}},"26":{"start":{"line":131,"column":7},"end":{"line":131,"column":112}},"27":{"start":{"line":132,"column":7},"end":{"line":132,"column":30}},"28":{"start":{"line":133,"column":6},"end":{"line":133,"column":4828}},"29":{"start":{"line":134,"column":11},"end":{"line":134,"column":4896}},"30":{"start":{"line":141,"column":7},"end":{"line":141,"column":96}}},"branchMap":{"1":{"line":42,"type":"if","locations":[{"start":{"line":42,"column":8},"end":{"line":42,"column":8}},{"start":{"line":42,"column":8},"end":{"line":42,"column":8}}]},"2":{"line":50,"type":"if","locations":[{"start":{"line":50,"column":46},"end":{"line":50,"column":46}},{"start":{"line":50,"column":46},"end":{"line":50,"column":46}}]},"3":{"line":54,"type":"if","locations":[{"start":{"line":54,"column":47},"end":{"line":54,"column":47}},{"start":{"line":54,"column":47},"end":{"line":54,"column":47}}]},"4":{"line":61,"type":"if","locations":[{"start":{"line":61,"column":46},"end":{"line":61,"column":46}},{"start":{"line":61,"column":46},"end":{"line":61,"column":46}}]},"5":{"line":62,"type":"if","locations":[{"start":{"line":62,"column":8},"end":{"line":62,"column":8}},{"start":{"line":62,"column":8},"end":{"line":62,"column":8}}]},"6":{"line":63,"type":"if","locations":[{"start":{"line":63,"column":8},"end":{"line":63,"column":8}},{"start":{"line":63,"column":8},"end":{"line":63,"column":8}}]},"7":{"line":72,"type":"if","locations":[{"start":{"line":72,"column":57},"end":{"line":72,"column":57}},{"start":{"line":72,"column":57},"end":{"line":72,"column":57}}]},"8":{"line":73,"type":"if","locations":[{"start":{"line":73,"column":8},"end":{"line":73,"column":8}},{"start":{"line":73,"column":8},"end":{"line":73,"column":8}}]},"9":{"line":74,"type":"if","locations":[{"start":{"line":74,"column":8},"end":{"line":74,"column":8}},{"start":{"line":74,"column":8},"end":{"line":74,"column":8}}]},"10":{"line":85,"type":"if","locations":[{"start":{"line":85,"column":41},"end":{"line":85,"column":41}},{"start":{"line":85,"column":41},"end":{"line":85,"column":41}}]},"11":{"line":86,"type":"if","locations":[{"start":{"line":86,"column":8},"end":{"line":86,"column":8}},{"start":{"line":86,"column":8},"end":{"line":86,"column":8}}]},"12":{"line":87,"type":"if","locations":[{"start":{"line":87,"column":8},"end":{"line":87,"column":8}},{"start":{"line":87,"column":8},"end":{"line":87,"column":8}}]},"13":{"line":88,"type":"if","locations":[{"start":{"line":88,"column":8},"end":{"line":88,"column":8}},{"start":{"line":88,"column":8},"end":{"line":88,"column":8}}]},"14":{"line":100,"type":"if","locations":[{"start":{"line":100,"column":50},"end":{"line":100,"column":50}},{"start":{"line":100,"column":50},"end":{"line":100,"column":50}}]},"15":{"line":101,"type":"if","locations":[{"start":{"line":101,"column":8},"end":{"line":101,"column":8}},{"start":{"line":101,"column":8},"end":{"line":101,"column":8}}]},"16":{"line":111,"type":"if","locations":[{"start":{"line":111,"column":48},"end":{"line":111,"column":48}},{"start":{"line":111,"column":48},"end":{"line":111,"column":48}}]},"17":{"line":112,"type":"if","locations":[{"start":{"line":112,"column":8},"end":{"line":112,"column":8}},{"start":{"line":112,"column":8},"end":{"line":112,"column":8}}]},"18":{"line":117,"type":"if","locations":[{"start":{"line":117,"column":43},"end":{"line":117,"column":43}},{"start":{"line":117,"column":43},"end":{"line":117,"column":43}}]},"19":{"line":118,"type":"if","locations":[{"start":{"line":118,"column":8},"end":{"line":118,"column":8}},{"start":{"line":118,"column":8},"end":{"line":118,"column":8}}]},"20":{"line":123,"type":"if","locations":[{"start":{"line":123,"column":41},"end":{"line":123,"column":41}},{"start":{"line":123,"column":41},"end":{"line":123,"column":41}}]},"21":{"line":124,"type":"if","locations":[{"start":{"line":124,"column":8},"end":{"line":124,"column":8}},{"start":{"line":124,"column":8},"end":{"line":124,"column":8}}]},"22":{"line":130,"type":"if","locations":[{"start":{"line":130,"column":34},"end":{"line":130,"column":34}},{"start":{"line":130,"column":34},"end":{"line":130,"column":34}}]},"23":{"line":131,"type":"if","locations":[{"start":{"line":131,"column":7},"end":{"line":131,"column":7}},{"start":{"line":131,"column":7},"end":{"line":131,"column":7}}]},"24":{"line":134,"type":"if","locations":[{"start":{"line":134,"column":11},"end":{"line":134,"column":11}},{"start":{"line":134,"column":11},"end":{"line":134,"column":11}}]}}}}
