TN:
SF:/Users/yules/Dev/Alyra/Developpeur-Ethereum-Template/4. Truffle & CI-CD/Defi_2_HH/contracts/Voting.sol
FN:41,onlyVoters
FN:50,getVoter
FN:54,getOneProposal
FN:61,addVoter
FN:72,addProposal
FN:85,setVote
FN:100,startProposalsRegistering
FN:111,endProposalsRegistering
FN:117,startVotingSession
FN:123,endVotingSession
FN:130,tallyVotes
FNF:11
FNH:11
FNDA:48,onlyVoters
FNDA:2,getVoter
FNDA:5,getOneProposal
FNDA:12,addVoter
FNDA:28,addProposal
FNDA:9,setVote
FNDA:6,startProposalsRegistering
FNDA:5,endProposalsRegistering
FNDA:4,startVotingSession
FNDA:4,endVotingSession
FNDA:4,tallyVotes
DA:42,48
DA:43,44
DA:51,2
DA:55,5
DA:62,12
DA:63,11
DA:65,10
DA:66,10
DA:73,28
DA:74,26
DA:77,25
DA:78,25
DA:79,25
DA:80,25
DA:86,9
DA:87,8
DA:88,7
DA:90,6
DA:91,6
DA:92,6
DA:94,6
DA:101,6
DA:102,5
DA:104,5
DA:105,5
DA:106,5
DA:108,5
DA:112,5
DA:113,4
DA:114,4
DA:118,4
DA:119,3
DA:120,3
DA:124,4
DA:125,3
DA:126,3
DA:131,4
DA:132,2
DA:133,2
DA:134,5
DA:135,1
DA:138,2
DA:140,2
DA:141,2
LF:44
LH:44
BRDA:42,1,0,44
BRDA:42,1,1,4
BRDA:50,2,0,2
BRDA:50,2,1,1
BRDA:54,3,0,5
BRDA:54,3,1,1
BRDA:61,4,0,12
BRDA:61,4,1,1
BRDA:62,5,0,11
BRDA:62,5,1,1
BRDA:63,6,0,10
BRDA:63,6,1,1
BRDA:72,7,0,28
BRDA:72,7,1,1
BRDA:73,8,0,26
BRDA:73,8,1,2
BRDA:74,9,0,25
BRDA:74,9,1,1
BRDA:85,10,0,9
BRDA:85,10,1,1
BRDA:86,11,0,8
BRDA:86,11,1,1
BRDA:87,12,0,7
BRDA:87,12,1,1
BRDA:88,13,0,6
BRDA:88,13,1,1
BRDA:100,14,0,6
BRDA:100,14,1,1
BRDA:101,15,0,5
BRDA:101,15,1,1
BRDA:111,16,0,5
BRDA:111,16,1,1
BRDA:112,17,0,4
BRDA:112,17,1,1
BRDA:117,18,0,4
BRDA:117,18,1,1
BRDA:118,19,0,3
BRDA:118,19,1,1
BRDA:123,20,0,4
BRDA:123,20,1,1
BRDA:124,21,0,3
BRDA:124,21,1,1
BRDA:130,22,0,4
BRDA:130,22,1,1
BRDA:131,23,0,2
BRDA:131,23,1,2
BRDA:134,24,0,1
BRDA:134,24,1,4
BRF:48
BRH:48
end_of_record
